TN:
SF:script/ActivateSale.s.sol
DA:19,0
FN:19,ActivateSale.run
FNDA:0,ActivateSale.run
DA:21,0
DA:24,0
DA:26,0
BRDA:26,0,0,-
DA:27,0
DA:28,0
DA:31,0
DA:32,0
DA:33,0
DA:34,0
DA:35,0
DA:36,0
DA:38,0
FNF:1
FNH:0
LF:13
LH:0
BRF:1
BRH:0
end_of_record
TN:
SF:script/DeployFounderNFT.s.sol
DA:36,0
FN:36,DeployFounderNFT.run
FNDA:0,DeployFounderNFT.run
DA:38,0
DA:41,0
DA:44,0
DA:45,0
DA:47,0
DA:48,0
DA:49,0
DA:50,0
DA:51,0
DA:52,0
DA:54,0
DA:57,0
DA:58,0
DA:59,0
DA:62,0
DA:74,0
DA:75,0
DA:76,0
DA:79,0
DA:82,0
DA:83,0
BRDA:83,0,0,-
BRDA:83,0,1,-
DA:84,0
BRDA:84,1,0,-
BRDA:84,1,1,-
DA:85,0
BRDA:85,2,0,-
BRDA:85,2,1,-
DA:86,0
DA:89,0
BRDA:89,3,0,-
DA:90,0
DA:91,0
DA:92,0
DA:95,0
DA:98,0
DA:101,0
DA:104,0
DA:106,0
DA:107,0
DA:108,0
DA:109,0
DA:110,0
DA:116,0
FN:116,DeployFounderNFT.getDeployConfig
FNDA:0,DeployFounderNFT.getDeployConfig
DA:117,0
DA:131,0
FN:131,DeployFounderNFT.validateConfig
FNDA:0,DeployFounderNFT.validateConfig
DA:132,0
BRDA:132,4,0,-
BRDA:132,4,1,-
DA:133,0
BRDA:133,5,0,-
BRDA:133,5,1,-
DA:134,0
BRDA:134,6,0,-
BRDA:134,6,1,-
DA:135,0
BRDA:135,7,0,-
BRDA:135,7,1,-
DA:136,0
BRDA:136,8,0,-
BRDA:136,8,1,-
DA:142,0
FN:142,DeployFounderNFT.logDeploymentSummary
FNDA:0,DeployFounderNFT.logDeploymentSummary
DA:143,0
DA:144,0
DA:145,0
DA:146,0
DA:147,0
DA:148,0
DA:149,0
DA:150,0
DA:152,0
DA:153,0
DA:154,0
DA:155,0
DA:156,0
DA:157,0
DA:158,0
DA:160,0
DA:161,0
DA:162,0
DA:163,0
DA:164,0
DA:170,0
FN:170,DeployFounderNFT.saveDeploymentAddresses
FNDA:0,DeployFounderNFT.saveDeploymentAddresses
DA:171,0
DA:172,0
DA:199,0
DA:201,0
DA:202,0
DA:208,0
FN:208,DeployFounderNFT.getNetworkName
FNDA:0,DeployFounderNFT.getNetworkName
DA:209,0
DA:211,0
DA:212,0
DA:213,0
DA:214,0
DA:215,0
DA:216,0
DA:217,0
DA:218,0
DA:220,0
DA:223,0
FN:223,DeployFounderNFT.updateEnvVariable
FNDA:0,DeployFounderNFT.updateEnvVariable
DA:225,0
DA:228,0
DA:230,0
DA:231,0
DA:232,0
DA:235,0
DA:236,0
BRDA:236,17,0,-
BRDA:236,17,1,-
DA:238,0
DA:239,0
DA:242,0
DA:247,0
BRDA:247,18,0,-
DA:248,0
DA:252,0
DA:255,0
FN:255,DeployFounderNFT.startsWith
FNDA:0,DeployFounderNFT.startsWith
DA:256,0
DA:257,0
DA:259,0
BRDA:259,19,0,-
DA:260,0
DA:263,0
DA:264,0
BRDA:264,20,0,-
DA:265,0
DA:269,0
DA:272,0
FN:272,DeployFounderNFT.addressToString
FNDA:0,DeployFounderNFT.addressToString
DA:273,0
DA:274,0
DA:275,0
DA:276,0
DA:277,0
DA:279,0
DA:280,0
DA:281,0
DA:284,0
FNF:9
FNH:0
LF:117
LH:0
BRF:22
BRH:0
end_of_record
TN:
SF:script/DeployInitialSetup.s.sol
DA:12,0
FN:12,DeployInitialSetup.run
FNDA:0,DeployInitialSetup.run
DA:13,0
DA:14,0
DA:16,0
DA:19,0
DA:20,0
DA:23,0
DA:24,0
DA:27,0
DA:30,0
DA:38,0
DA:39,0
DA:42,0
DA:45,0
DA:54,0
DA:56,0
DA:57,0
DA:58,0
DA:59,0
DA:60,0
DA:66,0
FN:66,DeployInitialSetup.saveDeploymentAddresses
FNDA:0,DeployInitialSetup.saveDeploymentAddresses
DA:67,0
DA:68,0
DA:92,0
DA:94,0
DA:95,0
DA:101,0
FN:101,DeployInitialSetup.getNetworkName
FNDA:0,DeployInitialSetup.getNetworkName
DA:102,0
DA:104,0
DA:105,0
DA:106,0
DA:107,0
DA:108,0
DA:109,0
DA:110,0
DA:111,0
DA:113,0
DA:116,0
FN:116,DeployInitialSetup.updateEnvVariable
FNDA:0,DeployInitialSetup.updateEnvVariable
DA:118,0
DA:121,0
DA:123,0
DA:124,0
DA:125,0
DA:128,0
DA:129,0
BRDA:129,8,0,-
BRDA:129,8,1,-
DA:131,0
DA:132,0
DA:135,0
DA:140,0
BRDA:140,9,0,-
DA:141,0
DA:145,0
DA:149,0
FN:149,DeployInitialSetup.startsWith
FNDA:0,DeployInitialSetup.startsWith
DA:150,0
DA:151,0
DA:153,0
BRDA:153,10,0,-
DA:154,0
DA:157,0
DA:158,0
BRDA:158,11,0,-
DA:159,0
DA:163,0
DA:166,0
FN:166,DeployInitialSetup.addressToString
FNDA:0,DeployInitialSetup.addressToString
DA:167,0
DA:168,0
DA:169,0
DA:170,0
DA:171,0
DA:173,0
DA:174,0
DA:175,0
DA:178,0
FNF:6
FNH:0
LF:70
LH:0
BRF:5
BRH:0
end_of_record
TN:
SF:script/MintAndStake.s.sol
DA:23,0
FN:23,MintAndStake.run
FNDA:0,MintAndStake.run
DA:25,0
DA:27,0
DA:29,0
DA:30,0
DA:31,0
DA:32,0
DA:33,0
DA:35,0
DA:37,0
FNF:1
FNH:0
LF:10
LH:0
BRF:0
BRH:0
end_of_record
TN:
SF:src/FounderNFT.sol
DA:86,2491
FN:86,FounderNFT.updateRewardIncremental
FNDA:2491,FounderNFT.updateRewardIncremental
DA:87,2491
DA:91,2491
DA:92,0
DA:93,0
BRDA:93,0,0,-
DA:94,0
DA:96,0
DA:97,0
DA:100,2491
DA:101,2491
DA:109,824
FN:109,FounderNFT.updateRewardComplete
FNDA:824,FounderNFT.updateRewardComplete
DA:110,824
DA:114,824
DA:115,0
DA:116,0
BRDA:116,1,0,-
DA:118,0
DA:119,0
DA:122,824
DA:123,824
DA:131,80
FN:131,FounderNFT.constructor
FNDA:80,FounderNFT.constructor
DA:132,0
DA:139,0
FN:139,FounderNFT.receive
FNDA:0,FounderNFT.receive
DA:140,0
DA:156,80
FN:156,FounderNFT.initialize
FNDA:80,FounderNFT.initialize
DA:165,80
DA:166,0
DA:167,80
DA:168,0
DA:169,0
DA:170,0
DA:172,80
DA:173,80
DA:174,80
DA:175,80
DA:176,80
DA:177,80
DA:178,80
DA:181,80
DA:182,80
DA:183,80
DA:186,80
DA:187,80
DA:188,80
DA:189,80
DA:196,982
FN:196,FounderNFT.mint
FNDA:982,FounderNFT.mint
DA:197,982
BRDA:197,2,0,909
DA:198,73
BRDA:198,3,0,45
DA:199,28
BRDA:199,4,0,1
DA:201,27
DA:202,27
DA:210,6541
FN:210,FounderNFT.mintMultiple
FNDA:6541,FounderNFT.mintMultiple
DA:211,6541
BRDA:211,5,0,897
DA:212,5644
DA:213,0
BRDA:213,6,0,-
DA:214,5644
BRDA:214,7,0,-
DA:216,5644
DA:217,5644
DA:218,19
BRDA:218,8,0,19
DA:220,5625
DA:222,5625
DA:223,8829
DA:225,8829
DA:235,1079
FN:235,FounderNFT.batchMint
FNDA:1079,FounderNFT.batchMint
DA:238,1
BRDA:238,9,0,-
DA:239,1
DA:240,0
BRDA:240,10,0,-
DA:242,1
DA:243,1
DA:244,3
DA:246,3
DA:256,3401
FN:256,FounderNFT.addPlatformFees
FNDA:3401,FounderNFT.addPlatformFees
DA:264,2491
DA:265,2491
BRDA:265,11,0,-
DA:267,2491
DA:275,2698
FN:275,FounderNFT.stakeToken
FNDA:2698,FounderNFT.stakeToken
DA:278,2698
DA:279,2
BRDA:279,12,0,2
DA:280,1785
DA:281,0
BRDA:281,13,0,-
DA:283,1785
DA:291,1075
FN:291,FounderNFT.stakeMultipleTokens
FNDA:1075,FounderNFT.stakeMultipleTokens
DA:294,1075
DA:295,1075
BRDA:295,14,0,-
DA:296,1075
DA:297,825
BRDA:297,15,0,825
DA:299,250
DA:300,250
DA:301,358
DA:303,358
DA:304,0
BRDA:304,16,0,-
DA:305,317
DA:306,0
BRDA:306,17,0,-
DA:309,317
DA:311,317
DA:313,317
DA:316,317
DA:320,209
DA:321,0
DA:329,1063
FN:329,FounderNFT.unstakeToken
FNDA:1063,FounderNFT.unstakeToken
DA:332,1063
DA:333,713
BRDA:333,18,0,713
DA:335,350
DA:337,350
BRDA:337,19,0,44
DA:338,44
DA:344,306
DA:352,1321
FN:352,FounderNFT.unstakeMultipleTokens
FNDA:1321,FounderNFT.unstakeMultipleTokens
DA:355,1321
DA:356,1321
BRDA:356,20,0,-
DA:357,1321
DA:358,1034
BRDA:358,21,0,1034
DA:360,287
DA:361,287
DA:363,287
DA:364,386
DA:366,386
DA:367,84
BRDA:367,22,0,84
DA:369,302
DA:371,302
BRDA:371,23,0,-
DA:372,0
DA:379,302
DA:380,302
BRDA:380,24,0,136
DA:381,136
DA:382,136
DA:386,302
DA:387,302
DA:388,302
DA:391,302
DA:393,302
DA:395,302
DA:396,302
DA:402,203
DA:403,203
DA:404,302
DA:407,302
DA:408,334
BRDA:408,25,0,302
DA:410,302
DA:411,302
DA:412,302
DA:413,0
DA:417,302
DA:421,203
DA:423,203
BRDA:423,26,0,136
DA:424,136
DA:433,1173
FN:433,FounderNFT.claimReward
FNDA:1173,FounderNFT.claimReward
DA:436,1173
DA:437,1047
BRDA:437,27,0,1047
DA:439,126
DA:440,126
BRDA:440,28,0,1
DA:443,125
DA:444,125
DA:446,125
DA:447,125
DA:455,788
FN:455,FounderNFT.claimMultipleRewards
FNDA:788,FounderNFT.claimMultipleRewards
DA:458,788
DA:459,788
DA:461,788
DA:462,790
DA:463,790
DA:464,786
BRDA:464,29,0,786
DA:466,4
DA:467,4
DA:469,4
DA:470,4
BRDA:470,30,0,4
DA:471,4
DA:472,4
DA:473,4
DA:474,4
DA:478,4
DA:482,2
BRDA:482,31,0,-
DA:483,2
DA:490,824
FN:490,FounderNFT.claimAllRewards
FNDA:824,FounderNFT.claimAllRewards
DA:495,824
DA:496,824
DA:497,824
BRDA:497,32,0,823
DA:499,1
DA:500,1
DA:502,1
DA:503,3
DA:505,3
DA:506,3
DA:508,3
DA:509,3
BRDA:509,33,0,3
DA:510,3
DA:511,3
DA:512,3
DA:513,3
DA:517,3
DA:521,1
BRDA:521,34,0,1
DA:522,1
DA:533,13311
FN:533,FounderNFT.rewardPerToken
FNDA:13311,FounderNFT.rewardPerToken
DA:534,13311
BRDA:534,35,0,9143
DA:535,9143
DA:538,4168
DA:539,4168
DA:550,6777
FN:550,FounderNFT.earned
FNDA:6777,FounderNFT.earned
DA:551,6777
BRDA:551,36,0,4900
DA:552,4900
DA:555,1877
DA:556,1877
DA:567,3
FN:567,FounderNFT.getStakedByOwner
FNDA:3,FounderNFT.getStakedByOwner
DA:570,3
BRDA:570,37,0,-
DA:571,3
DA:580,397
FN:580,FounderNFT.getStakedCountByOwner
FNDA:397,FounderNFT.getStakedCountByOwner
DA:583,397
DA:592,1
FN:592,FounderNFT.hasStakedTokens
FNDA:1,FounderNFT.hasStakedTokens
DA:593,1
DA:602,1
FN:602,FounderNFT.getTotalEarnedByOwner
FNDA:1,FounderNFT.getTotalEarnedByOwner
DA:605,1
DA:606,1
DA:607,1
DA:609,1
DA:610,3
DA:612,3
DA:616,0
DA:624,1
FN:624,FounderNFT.getEstimatedAPR
FNDA:1,FounderNFT.getEstimatedAPR
DA:625,1
BRDA:625,38,0,-
DA:626,0
DA:629,1
DA:630,1
DA:632,1
BRDA:632,39,0,-
DA:633,0
DA:636,1
DA:648,1
FN:648,FounderNFT.getStakingInfoBatch
FNDA:1,FounderNFT.getStakingInfoBatch
DA:660,1
DA:661,1
DA:662,1
DA:663,1
DA:664,1
DA:666,1
DA:667,3
DA:668,3
DA:669,3
DA:670,3
DA:671,3
DA:676,3
DA:683,268
FN:683,FounderNFT.getCurrentRewardRate
FNDA:268,FounderNFT.getCurrentRewardRate
DA:684,268
DA:687,1
FN:687,FounderNFT.getRewards
FNDA:1,FounderNFT.getRewards
DA:688,1
DA:691,1
FN:691,FounderNFT.getUserRewardPerTokenPaid
FNDA:1,FounderNFT.getUserRewardPerTokenPaid
DA:694,1
DA:697,1
FN:697,FounderNFT.getRewardPerTokenStored
FNDA:1,FounderNFT.getRewardPerTokenStored
DA:698,1
DA:701,1
FN:701,FounderNFT.getLastUpdateTime
FNDA:1,FounderNFT.getLastUpdateTime
DA:702,1
DA:705,7035
FN:705,FounderNFT.getTotalStakedSupply
FNDA:7035,FounderNFT.getTotalStakedSupply
DA:706,7035
DA:709,2454
FN:709,FounderNFT.isTokenStaked
FNDA:2454,FounderNFT.isTokenStaked
DA:710,2454
DA:719,0
FN:719,FounderNFT.isFounder
FNDA:0,FounderNFT.isFounder
DA:721,0
BRDA:721,40,0,-
DA:722,0
DA:726,0
DA:729,1
FN:729,FounderNFT.getPlatformFeeDistributionPercentage
FNDA:1,FounderNFT.getPlatformFeeDistributionPercentage
DA:734,1
DA:737,1
FN:737,FounderNFT.getPlatformRegistry
FNDA:1,FounderNFT.getPlatformRegistry
DA:738,1
DA:741,4
FN:741,FounderNFT.getTotalSalesProceeds
FNDA:4,FounderNFT.getTotalSalesProceeds
DA:742,4
DA:745,1
FN:745,FounderNFT.getSalesRedistributionPercentage
FNDA:1,FounderNFT.getSalesRedistributionPercentage
DA:750,1
DA:753,19
FN:753,FounderNFT.getMinimumStakingPeriod
FNDA:19,FounderNFT.getMinimumStakingPeriod
DA:754,19
DA:757,0
FN:757,FounderNFT.getDaoTokenAllocationPercentage
FNDA:0,FounderNFT.getDaoTokenAllocationPercentage
DA:758,0
DA:761,3
FN:761,FounderNFT.getSaleStatus
FNDA:3,FounderNFT.getSaleStatus
DA:762,3
DA:765,3
FN:765,FounderNFT.getPrice
FNDA:3,FounderNFT.getPrice
DA:766,3
DA:769,2873
FN:769,FounderNFT.getMaxSupply
FNDA:2873,FounderNFT.getMaxSupply
DA:770,2873
DA:774,845
FN:774,FounderNFT.setMinimumStakingPeriod
FNDA:845,FounderNFT.setMinimumStakingPeriod
DA:777,1
DA:780,898
FN:780,FounderNFT.setPlatformFeeDistributionPercentage
FNDA:898,FounderNFT.setPlatformFeeDistributionPercentage
DA:783,0
DA:784,0
BRDA:784,41,0,-
DA:785,0
DA:788,896
FN:788,FounderNFT.setDaoTokenAllocationPercentage
FNDA:896,FounderNFT.setDaoTokenAllocationPercentage
DA:791,0
DA:792,0
BRDA:792,42,0,-
DA:793,0
DA:796,1121
FN:796,FounderNFT.setSaleStatus
FNDA:1121,FounderNFT.setSaleStatus
DA:797,83
DA:800,979
FN:800,FounderNFT.setPrice
FNDA:979,FounderNFT.setPrice
DA:801,1
DA:804,977
FN:804,FounderNFT.setRewardRate
FNDA:977,FounderNFT.setRewardRate
DA:807,0
DA:808,0
DA:809,0
DA:812,980
FN:812,FounderNFT.addEarlyAccessProject
FNDA:980,FounderNFT.addEarlyAccessProject
DA:815,0
DA:816,0
DA:819,965
FN:819,FounderNFT.removeEarlyAccessProject
FNDA:965,FounderNFT.removeEarlyAccessProject
DA:822,0
DA:823,0
DA:826,1033
FN:826,FounderNFT.withdrawSalesProceeds
FNDA:1033,FounderNFT.withdrawSalesProceeds
DA:827,1
DA:828,1
BRDA:828,43,0,-
DA:830,1
DA:831,1
DA:834,965
FN:834,FounderNFT.withdraw
FNDA:965,FounderNFT.withdraw
DA:835,0
DA:836,0
DA:838,0
DA:839,0
DA:840,0
BRDA:840,44,0,-
DA:841,0
DA:844,0
DA:848,0
DA:849,0
BRDA:849,45,0,-
DA:851,0
DA:855,0
FN:855,FounderNFT.hasEarlyAccess
FNDA:0,FounderNFT.hasEarlyAccess
DA:859,0
DA:862,59
FN:862,FounderNFT.getStakingInfo
FNDA:59,FounderNFT.getStakingInfo
DA:869,59
DA:870,59
DA:873,0
FN:873,FounderNFT.tokenURI
FNDA:0,FounderNFT.tokenURI
DA:876,0
DA:877,0
DA:880,0
FN:880,FounderNFT.supportsInterface
FNDA:0,FounderNFT.supportsInterface
DA:889,0
DA:893,9339
FN:893,FounderNFT._addRewards
FNDA:9339,FounderNFT._addRewards
DA:894,9339
BRDA:894,46,0,2634
BRDA:894,46,1,6705
DA:895,2634
DA:896,2634
DA:898,2634
DA:899,2634
DA:901,6705
DA:905,5652
FN:905,FounderNFT._processMintPayment
FNDA:5652,FounderNFT._processMintPayment
DA:906,5652
DA:908,5652
DA:910,5652
DA:912,5652
BRDA:912,47,0,5652
DA:913,5652
DA:917,8859
FN:917,FounderNFT._mintToken
FNDA:8859,FounderNFT._mintToken
DA:918,8859
DA:919,8859
DA:920,8859
DA:921,8859
DA:924,1785
FN:924,FounderNFT._stakeToken
FNDA:1785,FounderNFT._stakeToken
DA:925,1785
DA:926,1785
DA:927,1785
DA:928,0
DA:931,2102
FN:931,FounderNFT._stakeTokenInternal
FNDA:2102,FounderNFT._stakeTokenInternal
DA:932,2102
DA:939,2102
DA:940,2102
DA:941,2102
DA:945,2102
DA:948,306
FN:948,FounderNFT._unstakeToken
FNDA:306,FounderNFT._unstakeToken
DA:949,306
DA:950,306
BRDA:950,48,0,186
DA:951,186
DA:952,186
DA:953,186
DA:956,306
DA:957,306
DA:958,306
DA:959,306
DA:961,306
DA:964,0
FN:964,FounderNFT._unstakeTokenInternal
FNDA:0,FounderNFT._unstakeTokenInternal
DA:968,0
DA:969,0
DA:971,0
BRDA:971,49,0,-
DA:972,0
DA:973,0
DA:978,0
DA:979,0
DA:982,0
DA:984,0
DA:985,0
DA:988,306
FN:988,FounderNFT._removeFromUserStakedTokens
FNDA:306,FounderNFT._removeFromUserStakedTokens
DA:992,306
DA:993,306
DA:995,306
BRDA:995,50,0,121
DA:996,121
DA:997,121
DA:998,121
DA:1001,306
DA:1002,306
DA:1005,306
FN:1005,FounderNFT._clearStakingData
FNDA:306,FounderNFT._clearStakingData
DA:1006,306
DA:1007,306
DA:1010,1994
FN:1010,FounderNFT._distributeInitialRewards
FNDA:1994,FounderNFT._distributeInitialRewards
DA:1011,1994
BRDA:1011,51,0,1196
DA:1012,1196
DA:1013,1196
DA:1017,451
FN:1017,FounderNFT._transferRewards
FNDA:451,FounderNFT._transferRewards
DA:1018,451
DA:1019,451
BRDA:1019,52,0,-
DA:1022,13879
FN:1022,FounderNFT._update
FNDA:13879,FounderNFT._update
DA:1027,13879
DA:1029,13879
BRDA:1029,53,0,2718
DA:1031,2718
DA:1032,309
DA:1033,0
DA:1034,0
BRDA:1034,54,0,-
DA:1035,0
DA:1039,13879
DA:1042,0
FN:1042,FounderNFT._authorizeUpgrade
FNDA:0,FounderNFT._authorizeUpgrade
FNF:68
FNH:60
LF:401
LH:322
BRF:56
BRH:30
end_of_record
TN:
SF:src/PlatformRegistry.sol
DA:137,0
FN:137,PlatformRegistry.onlyActiveExtension
FNDA:0,PlatformRegistry.onlyActiveExtension
DA:138,0
BRDA:138,0,0,-
BRDA:138,0,1,-
DA:142,189
FN:142,PlatformRegistry.validExtensionKey
FNDA:189,PlatformRegistry.validExtensionKey
DA:143,189
BRDA:143,1,0,-
BRDA:143,1,1,-
DA:147,4
FN:147,PlatformRegistry.checkExtensionExists
FNDA:4,PlatformRegistry.checkExtensionExists
DA:148,4
BRDA:148,2,0,-
BRDA:148,2,1,-
DA:159,1075
FN:159,PlatformRegistry.initialize
FNDA:1075,PlatformRegistry.initialize
DA:163,1075
BRDA:163,3,0,-
BRDA:163,3,1,-
DA:164,1075
BRDA:164,4,0,-
BRDA:164,4,1,-
DA:165,1075
BRDA:165,5,0,-
BRDA:165,5,1,-
DA:167,125
DA:168,0
DA:169,0
DA:170,0
DA:171,0
DA:173,1075
DA:174,1075
DA:175,125
DA:178,125
DA:184,125
DA:185,125
DA:186,125
DA:187,125
DA:189,1075
DA:206,1091
FN:206,PlatformRegistry.registerExtension
FNDA:1091,PlatformRegistry.registerExtension
DA:215,189
BRDA:215,6,0,-
BRDA:215,6,1,-
DA:216,189
BRDA:216,7,0,-
BRDA:216,7,1,-
DA:217,189
BRDA:217,8,0,-
BRDA:217,8,1,-
DA:218,189
BRDA:218,9,0,-
BRDA:218,9,1,-
DA:221,185
BRDA:221,10,0,-
BRDA:221,10,1,-
DA:224,189
DA:236,185
DA:237,185
DA:238,185
DA:241,185
BRDA:241,11,0,98
DA:242,98
DA:245,189
DA:251,1054
FN:251,PlatformRegistry.upgradeExtension
FNDA:1054,PlatformRegistry.upgradeExtension
DA:256,3
BRDA:256,12,0,-
BRDA:256,12,1,-
DA:257,3
BRDA:257,13,0,-
BRDA:257,13,1,-
DA:259,3
DA:260,3
DA:263,3
DA:264,3
DA:267,3
DA:268,3
DA:271,3
BRDA:271,14,0,-
DA:272,0
DA:273,0
DA:276,3
DA:282,1053
FN:282,PlatformRegistry.removeExtension
FNDA:1053,PlatformRegistry.removeExtension
DA:283,4
DA:286,4
DA:287,4
DA:288,4
DA:289,4
DA:292,4
BRDA:292,15,0,1
DA:293,1
DA:296,4
DA:302,927
FN:302,PlatformRegistry.deactivateExtension
FNDA:927,PlatformRegistry.deactivateExtension
DA:307,5
DA:308,5
BRDA:308,16,0,-
BRDA:308,16,1,-
DA:310,5
DA:313,4
BRDA:313,17,0,2
DA:314,2
DA:317,5
DA:323,888
FN:323,PlatformRegistry.activateExtension
FNDA:888,PlatformRegistry.activateExtension
DA:324,3
DA:325,3
BRDA:325,18,0,-
BRDA:325,18,1,-
DA:327,3
DA:330,2
BRDA:330,19,0,1
DA:331,1
DA:334,3
DA:344,11
FN:344,PlatformRegistry.getExtension
FNDA:11,PlatformRegistry.getExtension
DA:345,11
DA:351,3
FN:351,PlatformRegistry.getExtensionInfo
FNDA:3,PlatformRegistry.getExtensionInfo
DA:352,3
DA:358,14
FN:358,PlatformRegistry.isExtensionRegistered
FNDA:14,PlatformRegistry.isExtensionRegistered
DA:359,14
DA:365,6
FN:365,PlatformRegistry.extensionExists
FNDA:6,PlatformRegistry.extensionExists
DA:366,6
DA:372,4
FN:372,PlatformRegistry.getAllExtensions
FNDA:4,PlatformRegistry.getAllExtensions
DA:373,4
DA:376,4
DA:377,34
BRDA:377,20,0,34
DA:378,34
DA:382,4
DA:383,4
DA:385,4
DA:386,4
DA:387,35
DA:388,34
BRDA:388,21,0,34
DA:389,34
DA:390,34
DA:391,34
DA:399,1
FN:399,PlatformRegistry.getExtensionsByCategory
FNDA:1,PlatformRegistry.getExtensionsByCategory
DA:404,1
DA:405,1
DA:408,1
DA:409,3
BRDA:409,22,0,3
DA:410,3
DA:414,1
DA:415,1
DA:417,1
DA:418,1
DA:419,3
DA:420,3
BRDA:420,23,0,3
DA:421,3
DA:422,3
DA:423,3
DA:431,3
FN:431,PlatformRegistry.getExtensionKey
FNDA:3,PlatformRegistry.getExtensionKey
DA:432,3
DA:438,5
FN:438,PlatformRegistry.getExtensionCount
FNDA:5,PlatformRegistry.getExtensionCount
DA:439,5
DA:440,5
DA:441,37
BRDA:441,24,0,37
DA:442,37
DA:445,0
DA:455,2
FN:455,PlatformRegistry.getFounderNFT
FNDA:2,PlatformRegistry.getFounderNFT
DA:456,2
DA:462,1
FN:462,PlatformRegistry.getProjectFactory
FNDA:1,PlatformRegistry.getProjectFactory
DA:463,1
DA:473,797
FN:473,PlatformRegistry.isFactoryRegistered
FNDA:797,PlatformRegistry.isFactoryRegistered
DA:474,797
DA:475,797
DA:477,10
DA:478,10
DA:488,795
FN:488,PlatformRegistry.registerProject
FNDA:795,PlatformRegistry.registerProject
DA:490,795
BRDA:490,26,0,-
BRDA:490,26,1,-
DA:491,9
BRDA:491,27,0,-
BRDA:491,27,1,-
DA:492,9
BRDA:492,28,0,-
BRDA:492,28,1,-
DA:494,9
DA:495,9
DA:496,9
DA:498,795
DA:504,900
FN:504,PlatformRegistry.deregisterProject
FNDA:900,PlatformRegistry.deregisterProject
DA:505,3
BRDA:505,29,0,-
BRDA:505,29,1,-
DA:507,3
DA:508,3
DA:510,3
DA:516,8
FN:516,PlatformRegistry.isProjectRegistered
FNDA:8,PlatformRegistry.isProjectRegistered
DA:517,8
DA:523,3
FN:523,PlatformRegistry.getAllProjects
FNDA:3,PlatformRegistry.getAllProjects
DA:524,3
DA:527,3
DA:528,5
BRDA:528,30,0,5
DA:529,5
DA:533,3
DA:534,3
DA:536,3
DA:537,5
BRDA:537,31,0,5
DA:538,5
DA:539,5
DA:543,0
DA:549,4
FN:549,PlatformRegistry.getTotalProjectsCreated
FNDA:4,PlatformRegistry.getTotalProjectsCreated
DA:550,4
DA:560,831
FN:560,PlatformRegistry.updatePlatformFee
FNDA:831,PlatformRegistry.updatePlatformFee
DA:561,3
BRDA:561,32,0,-
BRDA:561,32,1,-
DA:562,2
DA:563,2
DA:564,3
DA:570,987
FN:570,PlatformRegistry.updatePlatformTreasury
FNDA:987,PlatformRegistry.updatePlatformTreasury
DA:571,3
BRDA:571,33,0,-
BRDA:571,33,1,-
DA:572,2
DA:573,2
DA:574,2
DA:580,887
FN:580,PlatformRegistry.updateFeeDistribution
FNDA:887,PlatformRegistry.updateFeeDistribution
DA:584,3
BRDA:584,34,0,-
BRDA:584,34,1,-
DA:586,2
DA:587,2
DA:589,3
DA:595,5
FN:595,PlatformRegistry.getPlatformFeePercentage
FNDA:5,PlatformRegistry.getPlatformFeePercentage
DA:596,5
DA:602,4
FN:602,PlatformRegistry.getPlatformTreasury
FNDA:4,PlatformRegistry.getPlatformTreasury
DA:603,4
DA:609,19
FN:609,PlatformRegistry.getFeeDistribution
FNDA:19,PlatformRegistry.getFeeDistribution
DA:610,19
DA:620,5
FN:620,PlatformRegistry.getVersion
FNDA:5,PlatformRegistry.getVersion
DA:621,5
DA:627,795
FN:627,PlatformRegistry.updateVersion
FNDA:795,PlatformRegistry.updateVersion
DA:628,1
DA:638,969
FN:638,PlatformRegistry.pause
FNDA:969,PlatformRegistry.pause
DA:639,0
DA:645,969
FN:645,PlatformRegistry.unpause
FNDA:969,PlatformRegistry.unpause
DA:646,0
DA:656,4
FN:656,PlatformRegistry._removeFromArray
FNDA:4,PlatformRegistry._removeFromArray
DA:657,4
DA:658,10
BRDA:658,35,0,4
DA:659,4
DA:660,4
DA:661,0
DA:669,4
FN:669,PlatformRegistry._removeFromCategoryArray
FNDA:4,PlatformRegistry._removeFromCategoryArray
DA:670,4
DA:671,4
DA:672,4
BRDA:672,36,0,4
DA:673,4
DA:674,4
DA:675,4
DA:683,3
FN:683,PlatformRegistry._removeFromProjectArray
FNDA:3,PlatformRegistry._removeFromProjectArray
DA:684,3
DA:685,3
BRDA:685,37,0,3
DA:686,3
DA:687,3
DA:688,0
DA:700,2
FN:700,PlatformRegistry._authorizeUpgrade
FNDA:2,PlatformRegistry._authorizeUpgrade
DA:709,4
FN:709,PlatformRegistry.generateExtensionKey
FNDA:4,PlatformRegistry.generateExtensionKey
DA:710,4
DA:716,3
FN:716,PlatformRegistry.extensionHasPermission
FNDA:3,PlatformRegistry.extensionHasPermission
DA:717,3
DA:718,3
DA:719,5
BRDA:719,38,0,2
DA:720,2
DA:723,0
FNF:41
FNH:40
LF:213
LH:198
BRF:60
BRH:15
end_of_record
TN:
SF:src/Project.sol
DA:187,0
FN:187,Project.onlyActiveFunding
FNDA:0,Project.onlyActiveFunding
DA:188,0
BRDA:188,0,0,-
BRDA:188,0,1,-
DA:189,0
BRDA:189,1,0,-
BRDA:189,1,1,-
DA:193,0
FN:193,Project.onlyTeamMember
FNDA:0,Project.onlyTeamMember
DA:194,0
BRDA:194,2,0,-
BRDA:194,2,1,-
DA:198,0
FN:198,Project.extensionEnabled
FNDA:0,Project.extensionEnabled
DA:199,0
BRDA:199,3,0,-
BRDA:199,3,1,-
DA:203,0
FN:203,Project.validExtension
FNDA:0,Project.validExtension
DA:204,0
BRDA:204,4,0,-
BRDA:204,4,1,-
DA:216,0
FN:216,Project.constructor
FNDA:0,Project.constructor
DA:217,0
DA:223,0
FN:223,Project.initialize
FNDA:0,Project.initialize
DA:238,0
BRDA:238,5,0,-
BRDA:238,5,1,-
DA:243,0
BRDA:243,6,0,-
BRDA:243,6,1,-
DA:244,0
BRDA:244,7,0,-
BRDA:244,7,1,-
DA:245,0
BRDA:245,8,0,-
BRDA:245,8,1,-
DA:246,0
BRDA:246,9,0,-
BRDA:246,9,1,-
DA:247,0
BRDA:247,10,0,-
BRDA:247,10,1,-
DA:249,0
DA:250,0
DA:251,0
DA:252,0
DA:253,0
DA:255,0
DA:256,0
DA:257,0
DA:258,0
DA:259,0
DA:260,0
DA:261,0
DA:262,0
DA:263,0
DA:264,0
DA:267,0
DA:268,0
DA:269,0
DA:270,0
DA:273,0
DA:274,0
DA:277,0
DA:278,0
BRDA:278,11,0,-
DA:279,0
DA:284,0
BRDA:284,12,0,-
BRDA:284,12,1,-
DA:286,0
DA:287,0
DA:290,0
DA:300,0
FN:300,Project.enableExtension
FNDA:0,Project.enableExtension
DA:305,0
DA:311,0
FN:311,Project.disableExtension
FNDA:0,Project.disableExtension
DA:312,0
BRDA:312,13,0,-
BRDA:312,13,1,-
DA:314,0
DA:315,0
DA:317,0
DA:323,0
FN:323,Project.configureExtension
FNDA:0,Project.configureExtension
DA:328,0
DA:329,0
DA:335,0
FN:335,Project._enableExtension
FNDA:0,Project._enableExtension
DA:336,0
BRDA:336,14,0,-
BRDA:336,14,1,-
DA:338,0
DA:339,0
DA:341,0
DA:342,0
DA:343,0
DA:353,0
FN:353,Project.invest
FNDA:0,Project.invest
DA:354,0
BRDA:354,15,0,-
BRDA:354,15,1,-
DA:355,0
BRDA:355,16,0,-
BRDA:355,16,1,-
DA:358,0
DA:359,0
BRDA:359,17,0,-
BRDA:359,17,1,-
DA:362,0
BRDA:362,18,0,-
DA:363,0
DA:366,0
DA:367,0
DA:368,0
DA:370,0
DA:373,0
BRDA:373,19,0,-
DA:374,0
DA:381,0
FN:381,Project.requestRefund
FNDA:0,Project.requestRefund
DA:382,0
BRDA:382,20,0,-
BRDA:382,20,1,-
DA:388,0
DA:389,0
BRDA:389,21,0,-
BRDA:389,21,1,-
DA:390,0
BRDA:390,22,0,-
BRDA:390,22,1,-
DA:392,0
DA:393,0
DA:395,0
DA:396,0
BRDA:396,23,0,-
BRDA:396,23,1,-
DA:398,0
DA:408,0
FN:408,Project.addMilestone
FNDA:0,Project.addMilestone
DA:416,0
BRDA:416,24,0,-
BRDA:416,24,1,-
DA:417,0
BRDA:417,25,0,-
BRDA:417,25,1,-
DA:418,0
BRDA:418,26,0,-
BRDA:418,26,1,-
DA:421,0
BRDA:421,27,0,-
DA:422,0
BRDA:422,28,0,-
BRDA:422,28,1,-
DA:428,0
DA:441,0
DA:442,0
DA:448,0
FN:448,Project.completeMilestone
FNDA:0,Project.completeMilestone
DA:449,0
BRDA:449,29,0,-
BRDA:449,29,1,-
DA:451,0
DA:452,0
BRDA:452,30,0,-
BRDA:452,30,1,-
DA:453,0
BRDA:453,31,0,-
BRDA:453,31,1,-
DA:456,0
BRDA:456,32,0,-
DA:457,0
BRDA:457,33,0,-
BRDA:457,33,1,-
DA:459,0
DA:460,0
DA:462,0
DA:464,0
BRDA:464,34,0,-
BRDA:464,34,1,-
DA:467,0
DA:468,0
DA:474,0
FN:474,Project.releaseMilestoneFunds
FNDA:0,Project.releaseMilestoneFunds
DA:475,0
BRDA:475,35,0,-
BRDA:475,35,1,-
DA:476,0
BRDA:476,36,0,-
BRDA:476,36,1,-
DA:478,0
DA:479,0
BRDA:479,37,0,-
BRDA:479,37,1,-
DA:480,0
BRDA:480,38,0,-
BRDA:480,38,1,-
DA:481,0
BRDA:481,39,0,-
BRDA:481,39,1,-
DA:484,0
DA:485,0
BRDA:485,40,0,-
BRDA:485,40,1,-
DA:487,0
DA:488,0
DA:490,0
BRDA:490,41,0,-
DA:491,0
DA:494,0
BRDA:494,42,0,-
BRDA:494,42,1,-
DA:497,0
DA:498,0
DA:500,0
DA:501,0
DA:502,0
DA:505,0
BRDA:505,43,0,-
DA:506,0
DA:510,0
BRDA:510,44,0,-
DA:511,0
DA:512,0
BRDA:512,45,0,-
BRDA:512,45,1,-
DA:515,0
DA:516,0
DA:522,0
FN:522,Project._distributePlatformFee
FNDA:0,Project._distributePlatformFee
DA:524,0
DA:527,0
BRDA:527,46,0,-
DA:528,0
DA:530,0
BRDA:530,47,0,-
DA:531,0
BRDA:531,48,0,-
DA:532,0
BRDA:532,49,0,-
DA:533,0
BRDA:533,50,0,-
DA:536,0
DA:537,0
DA:540,0
BRDA:540,51,0,-
DA:541,0
DA:547,0
BRDA:547,52,0,-
DA:548,0
DA:549,0
BRDA:549,53,0,-
BRDA:549,53,1,-
DA:552,0
DA:560,0
DA:561,0
BRDA:561,54,0,-
BRDA:561,54,1,-
DA:571,0
FN:571,Project.withdrawRemainingFunds
FNDA:0,Project.withdrawRemainingFunds
DA:572,0
BRDA:572,55,0,-
BRDA:572,55,1,-
DA:578,0
BRDA:578,56,0,-
DA:579,0
BRDA:579,57,0,-
BRDA:579,57,1,-
DA:582,0
DA:583,0
BRDA:583,58,0,-
BRDA:583,58,1,-
DA:585,0
BRDA:585,59,0,-
BRDA:585,59,1,-
DA:587,0
DA:588,0
DA:590,0
DA:593,0
BRDA:593,60,0,-
DA:594,0
DA:598,0
BRDA:598,61,0,-
DA:599,0
DA:600,0
BRDA:600,62,0,-
BRDA:600,62,1,-
DA:603,0
DA:606,0
DA:613,0
FN:613,Project.cancelProject
FNDA:0,Project.cancelProject
DA:614,0
BRDA:614,63,0,-
BRDA:614,63,1,-
DA:615,0
DA:621,0
FN:621,Project._changeState
FNDA:0,Project._changeState
DA:622,0
DA:623,0
DA:624,0
DA:627,0
BRDA:627,64,0,-
DA:628,0
DA:635,0
FN:635,Project.updateProjectState
FNDA:0,Project.updateProjectState
DA:636,0
BRDA:636,65,0,-
DA:637,0
BRDA:637,66,0,-
BRDA:637,66,1,-
DA:638,0
DA:640,0
DA:652,0
FN:652,Project.addTeamMember
FNDA:0,Project.addTeamMember
DA:653,0
BRDA:653,67,0,-
BRDA:653,67,1,-
DA:654,0
BRDA:654,68,0,-
BRDA:654,68,1,-
DA:656,0
DA:662,0
FN:662,Project.removeTeamMember
FNDA:0,Project.removeTeamMember
DA:663,0
BRDA:663,69,0,-
BRDA:663,69,1,-
DA:664,0
BRDA:664,70,0,-
BRDA:664,70,1,-
DA:666,0
DA:667,0
DA:670,0
DA:671,0
BRDA:671,71,0,-
DA:672,0
DA:673,0
DA:674,0
DA:678,0
DA:684,0
FN:684,Project._addTeamMember
FNDA:0,Project._addTeamMember
DA:685,0
DA:686,0
DA:687,0
DA:688,0
DA:698,0
FN:698,Project.getProjectInfo
FNDA:0,Project.getProjectInfo
DA:711,0
DA:717,0
FN:717,Project.getFinancialInfo
FNDA:0,Project.getFinancialInfo
DA:728,0
DA:734,0
FN:734,Project.getInvestment
FNDA:0,Project.getInvestment
DA:739,0
DA:740,0
DA:746,0
FN:746,Project.getMilestone
FNDA:0,Project.getMilestone
DA:759,0
BRDA:759,72,0,-
BRDA:759,72,1,-
DA:761,0
DA:762,0
DA:776,0
FN:776,Project.getMilestoneCount
FNDA:0,Project.getMilestoneCount
DA:777,0
DA:783,0
FN:783,Project.getNextMilestoneToFund
FNDA:0,Project.getNextMilestoneToFund
DA:784,0
DA:790,0
FN:790,Project.getTeamMembers
FNDA:0,Project.getTeamMembers
DA:791,0
DA:797,0
FN:797,Project.isTeamMember
FNDA:0,Project.isTeamMember
DA:798,0
DA:804,0
FN:804,Project.getInvestors
FNDA:0,Project.getInvestors
DA:805,0
DA:811,0
FN:811,Project.isExtensionEnabled
FNDA:0,Project.isExtensionEnabled
DA:812,0
DA:818,0
FN:818,Project.getExtensionConfig
FNDA:0,Project.getExtensionConfig
DA:819,0
DA:825,0
FN:825,Project.getEnabledExtensions
FNDA:0,Project.getEnabledExtensions
DA:827,0
DA:828,0
DA:829,0
DA:830,0
DA:831,0
DA:832,0
DA:833,0
DA:834,0
DA:835,0
DA:838,0
DA:839,0
DA:840,0
BRDA:840,73,0,-
DA:841,0
DA:846,0
DA:847,0
DA:848,0
DA:849,0
BRDA:849,74,0,-
DA:850,0
DA:851,0
DA:859,0
FN:859,Project.getPlatformRegistry
FNDA:0,Project.getPlatformRegistry
DA:860,0
DA:870,0
FN:870,Project.pauseProject
FNDA:0,Project.pauseProject
DA:871,0
DA:877,0
FN:877,Project.unpauseProject
FNDA:0,Project.unpauseProject
DA:878,0
DA:884,0
FN:884,Project.emergencyWithdraw
FNDA:0,Project.emergencyWithdraw
DA:885,0
DA:886,0
BRDA:886,75,0,-
BRDA:886,75,1,-
DA:887,0
BRDA:887,76,0,-
BRDA:887,76,1,-
DA:889,0
DA:890,0
BRDA:890,77,0,-
BRDA:890,77,1,-
DA:892,0
DA:893,0
BRDA:893,78,0,-
BRDA:893,78,1,-
DA:903,0
FN:903,Project._authorizeUpgrade
FNDA:0,Project._authorizeUpgrade
DA:912,0
FN:912,Project.receive
FNDA:0,Project.receive
DA:914,0
BRDA:914,79,0,-
DA:916,0
BRDA:916,80,0,-
BRDA:916,80,1,-
DA:917,0
BRDA:917,81,0,-
BRDA:917,81,1,-
DA:920,0
BRDA:920,82,0,-
DA:921,0
DA:924,0
DA:925,0
DA:926,0
DA:928,0
DA:931,0
BRDA:931,83,0,-
DA:932,0
DA:941,0
FN:941,Project.fallback
FNDA:0,Project.fallback
DA:942,0
DA:952,0
FN:952,Project.callExtension
FNDA:0,Project.callExtension
DA:958,0
DA:959,0
BRDA:959,84,0,-
BRDA:959,84,1,-
DA:961,0
DA:962,0
BRDA:962,85,0,-
BRDA:962,85,1,-
DA:964,0
DA:970,0
FN:970,Project.canUseExtension
FNDA:0,Project.canUseExtension
DA:971,0
DA:972,0
DA:978,0
FN:978,Project.getEnabledExtensionAddress
FNDA:0,Project.getEnabledExtensionAddress
DA:979,0
BRDA:979,86,0,-
DA:980,0
DA:982,0
DA:992,0
FN:992,Project.requestPriceData
FNDA:0,Project.requestPriceData
DA:993,0
DA:994,0
BRDA:994,87,0,-
BRDA:994,87,1,-
DA:996,0
DA:997,0
DA:1003,0
FN:1003,Project.getLatestPrice
FNDA:0,Project.getLatestPrice
DA:1004,0
DA:1005,0
BRDA:1005,88,0,-
BRDA:1005,88,1,-
DA:1007,0
DA:1008,0
DA:1018,0
FN:1018,Project.isMilestoneValidated
FNDA:0,Project.isMilestoneValidated
DA:1019,0
BRDA:1019,89,0,-
BRDA:1019,89,1,-
DA:1021,0
DA:1022,0
BRDA:1022,90,0,-
DA:1023,0
DA:1026,0
BRDA:1026,91,0,-
DA:1027,0
DA:1030,0
DA:1031,0
BRDA:1031,92,0,-
DA:1032,0
DA:1035,0
DA:1045,0
FN:1045,Project.batchRefund
FNDA:0,Project.batchRefund
DA:1046,0
BRDA:1046,93,0,-
BRDA:1046,93,1,-
DA:1048,0
DA:1049,0
DA:1050,0
DA:1052,0
BRDA:1052,94,0,-
DA:1053,0
DA:1054,0
DA:1056,0
DA:1057,0
BRDA:1057,95,0,-
BRDA:1057,95,1,-
DA:1058,0
DA:1061,0
DA:1070,0
FN:1070,Project.batchEnableExtensions
FNDA:0,Project.batchEnableExtensions
DA:1074,0
BRDA:1074,96,0,-
BRDA:1074,96,1,-
DA:1076,0
DA:1077,0
BRDA:1077,97,0,-
DA:1078,0
DA:1090,0
FN:1090,Project.getProjectAnalytics
FNDA:0,Project.getProjectAnalytics
DA:1106,0
DA:1107,0
DA:1108,0
DA:1109,0
BRDA:1109,98,0,-
DA:1110,0
BRDA:1110,99,0,-
DA:1114,0
DA:1115,0
BRDA:1115,100,0,-
DA:1116,0
DA:1120,0
DA:1121,0
BRDA:1121,101,0,-
DA:1122,0
DA:1123,0
BRDA:1123,102,0,-
DA:1126,0
DA:1142,0
FN:1142,Project.getMilestoneFundingSummary
FNDA:0,Project.getMilestoneFundingSummary
DA:1152,0
DA:1153,0
DA:1154,0
DA:1156,0
BRDA:1156,103,0,-
DA:1157,0
DA:1160,0
BRDA:1160,104,0,-
BRDA:1160,104,1,-
DA:1161,0
DA:1162,0
BRDA:1162,105,0,-
DA:1163,0
DA:1175,0
FN:1175,Project.calculatePlatformFee
FNDA:0,Project.calculatePlatformFee
DA:1176,0
DA:1182,0
FN:1182,Project.isFundingActive
FNDA:0,Project.isFundingActive
DA:1183,0
DA:1189,0
FN:1189,Project.isSuccessful
FNDA:0,Project.isSuccessful
DA:1190,0
DA:1196,0
FN:1196,Project.getTimeUntilDeadline
FNDA:0,Project.getTimeUntilDeadline
DA:1197,0
BRDA:1197,106,0,-
DA:1198,0
DA:1200,0
DA:1206,0
FN:1206,Project.getFundingProgress
FNDA:0,Project.getFundingProgress
DA:1207,0
DA:1208,0
DA:1209,0
DA:1215,0
FN:1215,Project.areRefundsAvailable
FNDA:0,Project.areRefundsAvailable
DA:1216,0
DA:1227,0
FN:1227,Project.emitExtensionEvent
FNDA:0,Project.emitExtensionEvent
DA:1230,0
DA:1240,0
FN:1240,Project.generateExtensionKey
FNDA:0,Project.generateExtensionKey
DA:1241,0
DA:1247,0
FN:1247,Project.extensionExistsInRegistry
FNDA:0,Project.extensionExistsInRegistry
DA:1248,0
DA:1254,0
FN:1254,Project.getExtensionFromRegistry
FNDA:0,Project.getExtensionFromRegistry
DA:1255,0
DA:1265,0
FN:1265,Project.version
FNDA:0,Project.version
DA:1266,0
DA:1272,0
FN:1272,Project.contractType
FNDA:0,Project.contractType
DA:1273,0
DA:1279,0
FN:1279,Project.getSupportedExtensionCategories
FNDA:0,Project.getSupportedExtensionCategories
DA:1280,0
DA:1281,0
DA:1282,0
DA:1283,0
DA:1284,0
DA:1285,0
DA:1286,0
DA:1287,0
DA:1288,0
DA:1289,0
FNF:65
FNH:0
LF:391
LH:0
BRF:174
BRH:0
end_of_record
TN:
SF:src/ProjectFactory.sol
DA:55,0
FN:55,ProjectFactory.constructor
FNDA:0,ProjectFactory.constructor
DA:56,0
DA:62,0
FN:62,ProjectFactory.initialize
FNDA:0,ProjectFactory.initialize
DA:66,0
DA:67,0
DA:68,0
DA:70,0
DA:71,0
DA:74,0
DA:75,0
DA:76,0
DA:79,0
DA:85,0
FN:85,ProjectFactory.createProject
FNDA:0,ProjectFactory.createProject
DA:97,0
BRDA:97,0,0,-
BRDA:97,0,1,-
DA:98,0
BRDA:98,1,0,-
BRDA:98,1,1,-
DA:101,0
DA:115,0
DA:118,0
DA:120,0
DA:121,0
DA:127,0
FN:127,ProjectFactory.updateProjectImplementation
FNDA:0,ProjectFactory.updateProjectImplementation
DA:128,0
BRDA:128,2,0,-
BRDA:128,2,1,-
DA:130,0
DA:131,0
DA:133,0
DA:139,0
FN:139,ProjectFactory.getPlatformRegistry
FNDA:0,ProjectFactory.getPlatformRegistry
DA:140,0
DA:146,0
FN:146,ProjectFactory.getProjectImplementation
FNDA:0,ProjectFactory.getProjectImplementation
DA:147,0
DA:153,0
FN:153,ProjectFactory.getProjectCount
FNDA:0,ProjectFactory.getProjectCount
DA:154,0
DA:160,0
FN:160,ProjectFactory.getProjectAddress
FNDA:0,ProjectFactory.getProjectAddress
DA:161,0
BRDA:161,3,0,-
BRDA:161,3,1,-
DA:162,0
DA:168,0
FN:168,ProjectFactory._deployProjectProxy
FNDA:0,ProjectFactory._deployProjectProxy
DA:169,0
DA:170,0
DA:176,0
FN:176,ProjectFactory._authorizeUpgrade
FNDA:0,ProjectFactory._authorizeUpgrade
FNF:10
FNH:0
LF:38
LH:0
BRF:8
BRH:0
end_of_record
TN:
SF:src/proxy/ERC1967Proxy.sol
DA:22,177
FN:22,ERC1967Proxy.constructor
FNDA:177,ERC1967Proxy.constructor
DA:23,177
DA:24,177
BRDA:24,0,0,177
DA:26,177
DA:27,177
BRDA:27,1,0,-
BRDA:27,1,1,-
DA:34,60454
FN:34,ERC1967Proxy._delegate
FNDA:60454,ERC1967Proxy._delegate
DA:40,0
DA:44,0
DA:47,0
DA:51,0
DA:52,0
DA:59,60454
FN:59,ERC1967Proxy.fallback
FNDA:60454,ERC1967Proxy.fallback
DA:60,60454
DA:66,0
FN:66,ERC1967Proxy.receive
FNDA:0,ERC1967Proxy.receive
DA:67,0
DA:73,60454
FN:73,ERC1967Proxy._getImplementation
FNDA:60454,ERC1967Proxy._getImplementation
DA:74,60454
DA:77,0
DA:84,177
FN:84,ERC1967Proxy._setImplementation
FNDA:177,ERC1967Proxy._setImplementation
DA:85,177
BRDA:85,2,0,-
BRDA:85,2,1,-
DA:86,177
DA:89,0
FNF:6
FNH:5
LF:22
LH:13
BRF:5
BRH:1
end_of_record
TN:
SF:src/proxy/ProxyAdmin.sol
DA:27,0
FN:27,ProxyAdmin.getProxyImplementation
FNDA:0,ProxyAdmin.getProxyImplementation
DA:30,0
DA:33,0
DA:34,0
DA:35,0
DA:36,0
BRDA:36,0,0,-
DA:38,0
DA:44,0
FN:44,ProxyAdmin.getProxyAdmin
FNDA:0,ProxyAdmin.getProxyAdmin
DA:47,0
DA:50,0
DA:51,0
DA:52,0
DA:53,0
BRDA:53,1,0,-
DA:55,0
DA:61,0
FN:61,ProxyAdmin.upgrade
FNDA:0,ProxyAdmin.upgrade
DA:64,0
DA:67,0
DA:68,0
DA:69,0
DA:71,0
DA:72,0
BRDA:72,2,0,-
DA:80,0
FN:80,ProxyAdmin.upgradeAndCall
FNDA:0,ProxyAdmin.upgradeAndCall
DA:81,0
DA:83,0
DA:84,0
BRDA:84,3,0,-
BRDA:84,3,1,-
FNF:4
FNH:0
LF:25
LH:0
BRF:5
BRH:0
end_of_record
TN:
SF:src/v2/ProjectNFT.sol
DA:65,0
FN:65,ProjectNFT.constructor
FNDA:0,ProjectNFT.constructor
DA:66,0
DA:72,0
FN:72,ProjectNFT.initialize
FNDA:0,ProjectNFT.initialize
DA:73,0
DA:74,0
DA:75,0
DA:76,0
DA:77,0
DA:79,0
DA:82,0
DA:83,0
DA:84,0
DA:90,0
FN:90,ProjectNFT.authorizeProject
FNDA:0,ProjectNFT.authorizeProject
DA:91,0
BRDA:91,0,0,-
BRDA:91,0,1,-
DA:92,0
DA:93,0
DA:95,0
DA:101,0
FN:101,ProjectNFT.createTier
FNDA:0,ProjectNFT.createTier
DA:105,0
BRDA:105,1,0,-
BRDA:105,1,1,-
DA:107,0
DA:109,0
DA:117,0
DA:119,0
DA:125,0
FN:125,ProjectNFT.mintInvestorNFT
FNDA:0,ProjectNFT.mintInvestorNFT
DA:126,0
BRDA:126,2,0,-
BRDA:126,2,1,-
DA:127,0
BRDA:127,3,0,-
BRDA:127,3,1,-
DA:128,0
BRDA:128,4,0,-
BRDA:128,4,1,-
DA:131,0
DA:132,0
DA:135,0
DA:136,0
DA:139,0
DA:141,0
DA:143,0
DA:149,0
FN:149,ProjectNFT.disableTier
FNDA:0,ProjectNFT.disableTier
DA:150,0
BRDA:150,5,0,-
BRDA:150,5,1,-
DA:151,0
BRDA:151,6,0,-
BRDA:151,6,1,-
DA:153,0
DA:159,0
FN:159,ProjectNFT.enableTier
FNDA:0,ProjectNFT.enableTier
DA:160,0
BRDA:160,7,0,-
BRDA:160,7,1,-
DA:161,0
BRDA:161,8,0,-
BRDA:161,8,1,-
DA:163,0
DA:169,0
FN:169,ProjectNFT.isProjectAuthorized
FNDA:0,ProjectNFT.isProjectAuthorized
DA:170,0
DA:176,0
FN:176,ProjectNFT.getProjectTierCount
FNDA:0,ProjectNFT.getProjectTierCount
DA:177,0
DA:183,0
FN:183,ProjectNFT.getTierDetails
FNDA:0,ProjectNFT.getTierDetails
DA:194,0
BRDA:194,9,0,-
BRDA:194,9,1,-
DA:196,0
DA:197,0
DA:203,0
FN:203,ProjectNFT.hasProjectNFT
FNDA:0,ProjectNFT.hasProjectNFT
DA:204,0
DA:210,0
FN:210,ProjectNFT.getPlatformRegistry
FNDA:0,ProjectNFT.getPlatformRegistry
DA:211,0
DA:217,0
FN:217,ProjectNFT.updatePlatformRegistry
FNDA:0,ProjectNFT.updatePlatformRegistry
DA:218,0
BRDA:218,10,0,-
BRDA:218,10,1,-
DA:219,0
DA:225,0
FN:225,ProjectNFT._authorizeUpgrade
FNDA:0,ProjectNFT._authorizeUpgrade
DA:234,0
FN:234,ProjectNFT.supportsInterface
FNDA:0,ProjectNFT.supportsInterface
DA:241,0
FNF:15
FNH:0
LF:60
LH:0
BRF:22
BRH:0
end_of_record
TN:
SF:src/v2/TokenInvestment.sol
DA:102,0
FN:102,TokenInvestment.constructor
FNDA:0,TokenInvestment.constructor
DA:103,0
DA:109,0
FN:109,TokenInvestment.initialize
FNDA:0,TokenInvestment.initialize
DA:110,0
DA:111,0
DA:112,0
DA:113,0
DA:115,0
DA:118,0
DA:119,0
DA:120,0
DA:126,0
FN:126,TokenInvestment.investWithToken
FNDA:0,TokenInvestment.investWithToken
DA:128,0
BRDA:128,0,0,-
BRDA:128,0,1,-
DA:129,0
BRDA:129,1,0,-
BRDA:129,1,1,-
DA:132,0
DA:133,0
BRDA:133,2,0,-
BRDA:133,2,1,-
DA:136,0
DA:137,0
DA:139,0
DA:145,0
FN:145,TokenInvestment.claimTokenRefund
FNDA:0,TokenInvestment.claimTokenRefund
DA:146,0
DA:149,0
DA:150,0
BRDA:150,3,0,-
BRDA:150,3,1,-
DA:152,0
BRDA:152,4,0,-
DA:154,0
BRDA:154,5,0,-
BRDA:154,5,1,-
DA:157,0
DA:158,0
BRDA:158,6,0,-
BRDA:158,6,1,-
DA:161,0
DA:164,0
DA:165,0
BRDA:165,7,0,-
BRDA:165,7,1,-
DA:167,0
DA:173,0
FN:173,TokenInvestment.updatePlatformRegistry
FNDA:0,TokenInvestment.updatePlatformRegistry
DA:174,0
BRDA:174,8,0,-
BRDA:174,8,1,-
DA:175,0
DA:181,0
FN:181,TokenInvestment.getTokenInvestment
FNDA:0,TokenInvestment.getTokenInvestment
DA:182,0
DA:188,0
FN:188,TokenInvestment.getProjectTokenTotal
FNDA:0,TokenInvestment.getProjectTokenTotal
DA:189,0
DA:195,0
FN:195,TokenInvestment.getPlatformRegistry
FNDA:0,TokenInvestment.getPlatformRegistry
DA:196,0
DA:202,0
FN:202,TokenInvestment._authorizeUpgrade
FNDA:0,TokenInvestment._authorizeUpgrade
FNF:9
FNH:0
LF:41
LH:0
BRF:17
BRH:0
end_of_record
TN:
SF:src/v2/VerificationOracle.sol
DA:60,0
FN:60,VerificationOracle.constructor
FNDA:0,VerificationOracle.constructor
DA:61,0
DA:67,0
FN:67,VerificationOracle.initialize
FNDA:0,VerificationOracle.initialize
DA:68,0
DA:69,0
DA:70,0
DA:72,0
DA:75,0
DA:76,0
DA:77,0
DA:78,0
DA:84,0
FN:84,VerificationOracle.addVerifier
FNDA:0,VerificationOracle.addVerifier
DA:85,0
BRDA:85,0,0,-
BRDA:85,0,1,-
DA:86,0
BRDA:86,1,0,-
BRDA:86,1,1,-
DA:88,0
DA:89,0
DA:91,0
DA:97,0
FN:97,VerificationOracle.removeVerifier
FNDA:0,VerificationOracle.removeVerifier
DA:98,0
BRDA:98,2,0,-
BRDA:98,2,1,-
DA:100,0
DA:101,0
DA:103,0
DA:109,0
FN:109,VerificationOracle.updateRequiredVerifications
FNDA:0,VerificationOracle.updateRequiredVerifications
DA:110,0
BRDA:110,3,0,-
BRDA:110,3,1,-
DA:112,0
DA:113,0
DA:115,0
DA:121,0
FN:121,VerificationOracle.submitVerification
FNDA:0,VerificationOracle.submitVerification
DA:122,0
BRDA:122,4,0,-
BRDA:122,4,1,-
DA:125,0
DA:127,0
BRDA:127,5,0,-
DA:128,0
DA:131,0
BRDA:131,6,0,-
DA:132,0
DA:133,0
DA:137,0
DA:143,0
FN:143,VerificationOracle.verifyMilestone
FNDA:0,VerificationOracle.verifyMilestone
DA:144,0
DA:150,0
FN:150,VerificationOracle.getVerificationStatus
FNDA:0,VerificationOracle.getVerificationStatus
DA:155,0
DA:165,0
FN:165,VerificationOracle.isVerifier
FNDA:0,VerificationOracle.isVerifier
DA:166,0
DA:172,0
FN:172,VerificationOracle.getRequiredVerifications
FNDA:0,VerificationOracle.getRequiredVerifications
DA:173,0
DA:179,0
FN:179,VerificationOracle._authorizeUpgrade
FNDA:0,VerificationOracle._authorizeUpgrade
FNF:11
FNH:0
LF:45
LH:0
BRF:12
BRH:0
end_of_record
TN:
SF:test/unit/FounderNFTInvariant.t.sol
DA:526,23
FN:526,FounderNFTHandler.constructor
FNDA:23,FounderNFTHandler.constructor
DA:527,23
DA:528,23
DA:529,23
DA:530,23
DA:537,1604
FN:537,FounderNFTHandler.mintNFT
FNDA:1604,FounderNFTHandler.mintNFT
DA:538,1604
DA:539,1604
DA:541,1604
DA:544,1604
BRDA:544,0,0,-
DA:545,0
DA:548,1604
DA:550,1604
DA:551,1604
BRDA:551,1,0,-
DA:552,0
DA:555,1604
DA:557,1604
DA:558,1604
BRDA:558,3,0,1604
DA:559,1604
DA:562,1604
BRDA:562,4,0,1604
DA:563,1604
DA:566,1604
BRDA:566,5,0,1604
DA:567,1604
DA:570,1604
DA:576,1799
FN:576,FounderNFTHandler.stakeToken
FNDA:1799,FounderNFTHandler.stakeToken
DA:577,1799
DA:579,690
DA:580,690
DA:582,690
DA:584,591
DA:585,591
DA:587,591
DA:588,769
BRDA:588,9,0,769
DA:589,769
BRDA:589,10,0,589
DA:590,589
DA:591,589
BRDA:591,11,0,589
DA:592,589
DA:593,589
DA:604,1122
FN:604,FounderNFTHandler.unstakeToken
FNDA:1122,FounderNFTHandler.unstakeToken
DA:605,1122
DA:607,158
DA:608,158
DA:610,158
DA:612,17
DA:613,17
DA:615,17
DA:616,19
BRDA:616,15,0,17
DA:617,17
DA:618,17
BRDA:618,16,0,17
DA:619,17
BRDA:619,17,0,-
DA:620,0
DA:621,0
DA:622,0
BRDA:622,18,0,-
DA:624,0
BRDA:624,19,0,-
DA:625,0
DA:627,0
DA:628,0
DA:638,1181
FN:638,FounderNFTHandler.claimReward
FNDA:1181,FounderNFTHandler.claimReward
DA:639,1181
DA:641,183
DA:642,183
DA:644,183
DA:646,41
DA:647,41
DA:649,41
DA:650,42
BRDA:650,23,0,41
DA:651,41
DA:652,41
BRDA:652,24,0,2
DA:653,2
DA:654,2
DA:655,2
BRDA:655,25,0,2
DA:657,2
BRDA:657,26,0,2
DA:658,2
DA:660,2
DA:661,2
DA:670,1402
FN:670,FounderNFTHandler.addPlatformFees
FNDA:1402,FounderNFTHandler.addPlatformFees
DA:671,1402
DA:673,1402
DA:674,1402
DA:676,1402
BRDA:676,27,0,1402
DA:678,1402
BRDA:678,28,0,1402
DA:679,1402
DA:682,1402
BRDA:682,29,0,1402
DA:683,1402
DA:686,1402
DA:692,1325
FN:692,FounderNFTHandler.timeWarp
FNDA:1325,FounderNFTHandler.timeWarp
DA:693,1325
DA:696,1325
BRDA:696,30,0,1325
DA:697,1325
DA:698,1325
DA:706,1604
FN:706,FounderNFTHandler.getOrCreateUser
FNDA:1604,FounderNFTHandler.getOrCreateUser
DA:707,1604
BRDA:707,31,0,-
DA:708,0
DA:712,1604
DA:714,1604
BRDA:714,32,0,1604
DA:715,1604
DA:716,1604
DA:718,1604
DA:725,0
FN:725,FounderNFTHandler.calculateTotalBalances
FNDA:0,FounderNFTHandler.calculateTotalBalances
DA:726,0
DA:728,0
DA:729,0
DA:731,0
BRDA:731,33,0,-
DA:732,0
DA:737,0
DA:738,0
BRDA:738,34,0,-
DA:739,0
DA:742,0
DA:745,262
FN:745,FounderNFTHandler.calculateTotalEarnableRewards
FNDA:262,FounderNFTHandler.calculateTotalEarnableRewards
DA:746,262
DA:747,262
DA:749,262
DA:750,520
DA:752,520
BRDA:752,35,0,520
DA:753,520
DA:757,0
DA:760,1
FN:760,FounderNFTHandler.getTotalMintRevenue
FNDA:1,FounderNFTHandler.getTotalMintRevenue
DA:761,1
DA:764,0
FN:764,FounderNFTHandler.getTreasuryRevenue
FNDA:0,FounderNFTHandler.getTreasuryRevenue
DA:767,0
BRDA:767,36,0,-
DA:768,0
DA:770,0
DA:773,0
FN:773,FounderNFTHandler.getStakerRevenue
FNDA:0,FounderNFTHandler.getStakerRevenue
DA:776,0
BRDA:776,37,0,-
DA:777,0
DA:779,0
DA:782,0
FN:782,FounderNFTHandler.getTransactionCount
FNDA:0,FounderNFTHandler.getTransactionCount
DA:783,0
DA:786,0
FN:786,FounderNFTHandler.getTotalValueInput
FNDA:0,FounderNFTHandler.getTotalValueInput
DA:787,0
DA:790,0
FN:790,FounderNFTHandler.getTotalSystemValue
FNDA:0,FounderNFTHandler.getTotalSystemValue
DA:792,0
DA:795,0
FN:795,FounderNFTHandler.getLastRecordedTime
FNDA:0,FounderNFTHandler.getLastRecordedTime
DA:796,0
FNF:17
FNH:10
LF:134
LH:97
BRF:28
BRH:18
end_of_record
TN:
SF:test/unit/FounderNFTRobustFuzzTest.t.sol
DA:1105,0
FN:1105,SimpleRewardCalculator.calculateReward
FNDA:0,SimpleRewardCalculator.calculateReward
DA:1115,0
DA:1118,0
BRDA:1118,1,0,-
DA:1120,0
DA:1123,0
DA:1126,260
FN:1126,SimpleRewardCalculator.calculateComplexReward
FNDA:260,SimpleRewardCalculator.calculateComplexReward
DA:1136,260
DA:1139,260
BRDA:1139,3,0,-
DA:1140,0
DA:1144,260
DA:1145,260
DA:1147,260
FNF:2
FNH:1
LF:12
LH:6
BRF:2
BRH:0
end_of_record
TN:
SF:test/unit/FounderNFTTest.t.sol
DA:11,0
FN:11,MockPlatformRegistry.isFactoryRegistered
FNDA:0,MockPlatformRegistry.isFactoryRegistered
DA:12,0
DA:20,0
FN:20,ReceivableUser.onERC721Received
FNDA:0,ReceivableUser.onERC721Received
DA:21,0
FNF:2
FNH:0
LF:4
LH:0
BRF:0
BRH:0
end_of_record
TN:
SF:test/unit/PlatformRegistryTest.t.sol
DA:12,0
FN:12,MockProjectFactory.createProject
FNDA:0,MockProjectFactory.createProject
DA:24,0
DA:25,0
DA:26,0
DA:38,0
FN:38,MockFounderNFT.setTotalStakedTokens
FNDA:0,MockFounderNFT.setTotalStakedTokens
DA:39,0
DA:42,0
FN:42,MockFounderNFT.setShouldFailAddFees
FNDA:0,MockFounderNFT.setShouldFailAddFees
DA:43,0
DA:46,0
FN:46,MockFounderNFT.setShouldFailStakeCheck
FNDA:0,MockFounderNFT.setShouldFailStakeCheck
DA:47,0
DA:50,0
FN:50,MockFounderNFT.setPlatformFeeDistributionPercentage
FNDA:0,MockFounderNFT.setPlatformFeeDistributionPercentage
DA:51,0
DA:54,0
FN:54,MockFounderNFT.getTotalStakedTokens
FNDA:0,MockFounderNFT.getTotalStakedTokens
DA:55,0
BRDA:55,0,0,-
DA:56,0
DA:58,0
DA:61,0
FN:61,MockFounderNFT.getPlatformFeeDistributionPercentage
FNDA:0,MockFounderNFT.getPlatformFeeDistributionPercentage
DA:62,0
DA:65,0
FN:65,MockFounderNFT.addPlatformFees
FNDA:0,MockFounderNFT.addPlatformFees
DA:66,0
BRDA:66,1,0,-
DA:67,0
DA:74,0
FN:74,RejectingContract.receive
FNDA:0,RejectingContract.receive
DA:75,0
FNF:9
FNH:0
LF:23
LH:0
BRF:2
BRH:0
end_of_record
